<?xml version="1.0" encoding="UTF-8"?>
<!-- Generated by org.testng.reporters.JUnitReportReporter -->
<testsuite hostname="VAIBHAV-PC" failures="0" tests="1" name="seleniumPack1.testNG" time="0.078" errors="0" timestamp="2022-12-20T18:49:15 IST" skipped="0">
  <testcase classname="seleniumPack1.testNG" name="method1" time="0.078"/>
  <system-out/>
</testsuite> <!-- seleniumPack1.testNG -->
